F:\Prog\RayCastingV2\Visual C 8\\Debug\RayCasting.exe
F:\Prog\RayCastingV2\Visual C 8\\Debug\RayCasting.exe.intermediate.manifest
F:\Prog\RayCastingV2\Visual C 8\\Debug\RayCasting.ilk
F:\Prog\RayCastingV2\Visual C 8\\Debug\RayCasting.pdb
F:\Prog\RayCastingV2\Visual C 8\Debug\cl.command.1.tlog
F:\Prog\RayCastingV2\Visual C 8\Debug\CL.read.1.tlog
F:\Prog\RayCastingV2\Visual C 8\Debug\CL.write.1.tlog
F:\Prog\RayCastingV2\Visual C 8\Debug\link.12084.read.1.tlog
F:\Prog\RayCastingV2\Visual C 8\Debug\link.12084.write.1.tlog
F:\Prog\RayCastingV2\Visual C 8\Debug\link.12084-cvtres.read.1.tlog
F:\Prog\RayCastingV2\Visual C 8\Debug\link.12084-cvtres.write.1.tlog
F:\Prog\RayCastingV2\Visual C 8\Debug\link.command.1.tlog
F:\Prog\RayCastingV2\Visual C 8\Debug\link.read.1.tlog
F:\Prog\RayCastingV2\Visual C 8\Debug\link.write.1.tlog
F:\Prog\RayCastingV2\Visual C 8\Debug\link-cvtres.read.1.tlog
F:\Prog\RayCastingV2\Visual C 8\Debug\link-cvtres.write.1.tlog
F:\PROG\RAYCASTINGV2\VISUAL C 8\DEBUG\MAIN.OBJ
F:\Prog\RayCastingV2\Visual C 8\Debug\mt.command.1.tlog
F:\Prog\RayCastingV2\Visual C 8\Debug\mt.read.1.tlog
F:\Prog\RayCastingV2\Visual C 8\Debug\mt.write.1.tlog
F:\PROG\RAYCASTINGV2\VISUAL C 8\DEBUG\RAYCASTING.EXE
F:\PROG\RAYCASTINGV2\VISUAL C 8\DEBUG\RAYCASTING.EXE.EMBED.MANIFEST
F:\PROG\RAYCASTINGV2\VISUAL C 8\DEBUG\RAYCASTING.EXE.EMBED.MANIFEST.RES
F:\PROG\RAYCASTINGV2\VISUAL C 8\DEBUG\RAYCASTING.EXE.INTERMEDIATE.MANIFEST
F:\Prog\RayCastingV2\Visual C 8\Debug\RayCasting.exp
F:\PROG\RAYCASTINGV2\VISUAL C 8\DEBUG\RAYCASTING.ILK
F:\Prog\RayCastingV2\Visual C 8\Debug\RayCasting.lib
F:\PROG\RAYCASTINGV2\VISUAL C 8\DEBUG\RAYCASTING.PDB
F:\Prog\RayCastingV2\Visual C 8\Debug\RayCasting.write.1.tlog
F:\Prog\RayCastingV2\Visual C 8\Debug\RayCasting_manifest.rc
F:\Prog\RayCastingV2\Visual C 8\Debug\rc.command.1.tlog
F:\Prog\RayCastingV2\Visual C 8\Debug\rc.read.1.tlog
F:\Prog\RayCastingV2\Visual C 8\Debug\rc.write.1.tlog
F:\Prog\RayCastingV2\Visual C 8\Debug\vc100.idb
F:\PROG\RAYCASTINGV2\VISUAL C 8\DEBUG\VC100.PDB
