C:\USERS\FLAMARCH\APPDATA\LOCAL\TEMP\IRMAGENT.LOG
C:\USERS\FLAMARCH\APPDATA\LOCALLOW\MICROSOFT\CRYPTNETURLCACHE\METADATA\57C8EDB95DF3F0AD4EE2DC2B8CFD4157
C:\USERS\FLAMARCH\APPDATA\LOCALLOW\MICROSOFT\CRYPTNETURLCACHE\METADATA\F72943F1E01540BBACB5396C76DD6AAA
F:\Prog\RayCastingV2\Visual C 8\\Release\RayCasting.exe
F:\Prog\RayCastingV2\Visual C 8\\Release\RayCasting.exe.intermediate.manifest
F:\Prog\RayCastingV2\Visual C 8\\Release\RayCasting.pdb
F:\Prog\RayCastingV2\Visual C 8\Release\cl.command.1.tlog
F:\Prog\RayCastingV2\Visual C 8\Release\CL.read.1.tlog
F:\Prog\RayCastingV2\Visual C 8\Release\CL.write.1.tlog
F:\Prog\RayCastingV2\Visual C 8\Release\icl.command.1.tlog
F:\Prog\RayCastingV2\Visual C 8\Release\icl.read.1.tlog
F:\Prog\RayCastingV2\Visual C 8\Release\icl.write.1.tlog
F:\Prog\RayCastingV2\Visual C 8\Release\icl-intelremotemonserver.read.1.tlog
F:\Prog\RayCastingV2\Visual C 8\Release\icl-intelremotemonserver.read.19.tlog
F:\Prog\RayCastingV2\Visual C 8\Release\icl-intelremotemonserver.read.2.tlog
F:\Prog\RayCastingV2\Visual C 8\Release\icl-intelremotemonserver.read.5.tlog
F:\Prog\RayCastingV2\Visual C 8\Release\icl-intelremotemonserver.write.1.tlog
F:\Prog\RayCastingV2\Visual C 8\Release\icl-intelremotemonserver.write.19.tlog
F:\Prog\RayCastingV2\Visual C 8\Release\icl-intelremotemonserver.write.2.tlog
F:\Prog\RayCastingV2\Visual C 8\Release\icl-intelremotemonserver.write.5.tlog
F:\Prog\RayCastingV2\Visual C 8\Release\icl-intelremotemonserver-intelremotemonagent.read.1.tlog
F:\Prog\RayCastingV2\Visual C 8\Release\icl-intelremotemonserver-intelremotemonagent.read.2.tlog
F:\Prog\RayCastingV2\Visual C 8\Release\icl-intelremotemonserver-intelremotemonagent.write.1.tlog
F:\Prog\RayCastingV2\Visual C 8\Release\icl-intelremotemonserver-intelremotemonagent.write.2.tlog
F:\Prog\RayCastingV2\Visual C 8\Release\icl-intelremotemonserver-intelremotemonagent-intelremotemonagent2.read.1.tlog
F:\Prog\RayCastingV2\Visual C 8\Release\icl-intelremotemonserver-intelremotemonagent-intelremotemonagent2.read.7.tlog
F:\Prog\RayCastingV2\Visual C 8\Release\icl-intelremotemonserver-intelremotemonagent-intelremotemonagent2.write.1.tlog
F:\Prog\RayCastingV2\Visual C 8\Release\icl-intelremotemonserver-intelremotemonagent-intelremotemonagent2.write.7.tlog
F:\Prog\RayCastingV2\Visual C 8\Release\icl-mcpcom.read.1.tlog
F:\Prog\RayCastingV2\Visual C 8\Release\icl-mcpcom.write.1.tlog
F:\Prog\RayCastingV2\Visual C 8\Release\link.command.1.tlog
F:\Prog\RayCastingV2\Visual C 8\Release\link.read.1.tlog
F:\Prog\RayCastingV2\Visual C 8\Release\link.write.1.tlog
F:\PROG\RAYCASTINGV2\VISUAL C 8\RELEASE\MAIN.OBJ
F:\Prog\RayCastingV2\Visual C 8\Release\mt.command.1.tlog
F:\Prog\RayCastingV2\Visual C 8\Release\mt.read.1.tlog
F:\Prog\RayCastingV2\Visual C 8\Release\mt.write.1.tlog
F:\PROG\RAYCASTINGV2\VISUAL C 8\RELEASE\RAYCASTING.EXE
F:\PROG\RAYCASTINGV2\VISUAL C 8\RELEASE\RAYCASTING.EXE.INTERMEDIATE.MANIFEST
F:\PROG\RAYCASTINGV2\VISUAL C 8\RELEASE\RAYCASTING.EXP
F:\PROG\RAYCASTINGV2\VISUAL C 8\RELEASE\RAYCASTING.LIB
F:\PROG\RAYCASTINGV2\VISUAL C 8\RELEASE\RAYCASTING.PDB
F:\Prog\RayCastingV2\Visual C 8\Release\RayCasting.write.1.tlog
F:\PROG\RAYCASTINGV2\VISUAL C 8\RELEASE\VC100.PDB
F:\Prog\RayCastingV2\Visual C 8\Release\xilink.command.1.tlog
F:\Prog\RayCastingV2\Visual C 8\Release\xilink.read.1.tlog
F:\Prog\RayCastingV2\Visual C 8\Release\xilink.write.1.tlog
F:\Prog\RayCastingV2\Visual C 8\Release\xilink-link.read.1.tlog
F:\Prog\RayCastingV2\Visual C 8\Release\xilink-link.write.1.tlog
F:\Prog\RayCastingV2\Visual C 8\Release\xilink-mcpcom.read.1.tlog
F:\Prog\RayCastingV2\Visual C 8\Release\xilink-mcpcom.write.1.tlog
